2025-08-05T10:03:03.287+05:30  INFO 17508 --- [deutsche-springboot-demo] [restartedMain] [                                                 ] com.deutsche.demo.App                    : Starting App using Java 21.0.8 with PID 17508 (D:\DBTrainingLast\deutsche-springboot-demo-aug-2025\target\classes started by parag in D:\DBTrainingLast\deutsche-springboot-demo-aug-2025)
2025-08-05T10:03:03.300+05:30  INFO 17508 --- [deutsche-springboot-demo] [restartedMain] [                                                 ] com.deutsche.demo.App                    : No active profile set, falling back to 1 default profile: "default"
2025-08-05T10:03:03.411+05:30  INFO 17508 --- [deutsche-springboot-demo] [restartedMain] [                                                 ] .e.DevToolsPropertyDefaultsPostProcessor : Devtools property defaults active! Set 'spring.devtools.add-properties' to 'false' to disable
2025-08-05T10:03:03.412+05:30  INFO 17508 --- [deutsche-springboot-demo] [restartedMain] [                                                 ] .e.DevToolsPropertyDefaultsPostProcessor : For additional web related logging consider setting the 'logging.level.web' property to 'DEBUG'
2025-08-05T10:03:06.087+05:30  INFO 17508 --- [deutsche-springboot-demo] [restartedMain] [                                                 ] .s.d.r.c.RepositoryConfigurationDelegate : Bootstrapping Spring Data JPA repositories in DEFAULT mode.
2025-08-05T10:03:06.170+05:30  INFO 17508 --- [deutsche-springboot-demo] [restartedMain] [                                                 ] .s.d.r.c.RepositoryConfigurationDelegate : Finished Spring Data repository scanning in 61 ms. Found 1 JPA repository interface.
2025-08-05T10:03:07.143+05:30  INFO 17508 --- [deutsche-springboot-demo] [restartedMain] [                                                 ] o.s.b.w.embedded.tomcat.TomcatWebServer  : Tomcat initialized with port 8090 (http)
2025-08-05T10:03:07.165+05:30  INFO 17508 --- [deutsche-springboot-demo] [restartedMain] [                                                 ] o.apache.catalina.core.StandardService   : Starting service [Tomcat]
2025-08-05T10:03:07.166+05:30  INFO 17508 --- [deutsche-springboot-demo] [restartedMain] [                                                 ] o.apache.catalina.core.StandardEngine    : Starting Servlet engine: [Apache Tomcat/10.1.43]
2025-08-05T10:03:07.251+05:30  INFO 17508 --- [deutsche-springboot-demo] [restartedMain] [                                                 ] o.a.c.c.C.[.[localhost].[/api/v1]        : Initializing Spring embedded WebApplicationContext
2025-08-05T10:03:07.252+05:30  INFO 17508 --- [deutsche-springboot-demo] [restartedMain] [                                                 ] w.s.c.ServletWebServerApplicationContext : Root WebApplicationContext: initialization completed in 3838 ms
2025-08-05T10:03:08.017+05:30  INFO 17508 --- [deutsche-springboot-demo] [restartedMain] [                                                 ] o.hibernate.jpa.internal.util.LogHelper  : HHH000204: Processing PersistenceUnitInfo [name: default]
2025-08-05T10:03:08.110+05:30  INFO 17508 --- [deutsche-springboot-demo] [restartedMain] [                                                 ] org.hibernate.Version                    : HHH000412: Hibernate ORM core version 6.6.22.Final
2025-08-05T10:03:08.169+05:30  INFO 17508 --- [deutsche-springboot-demo] [restartedMain] [                                                 ] o.h.c.internal.RegionFactoryInitiator    : HHH000026: Second-level cache disabled
2025-08-05T10:03:08.650+05:30  INFO 17508 --- [deutsche-springboot-demo] [restartedMain] [                                                 ] o.s.o.j.p.SpringPersistenceUnitInfo      : No LoadTimeWeaver setup: ignoring JPA class transformer
2025-08-05T10:03:08.691+05:30  INFO 17508 --- [deutsche-springboot-demo] [restartedMain] [                                                 ] com.zaxxer.hikari.HikariDataSource       : HikariPool-1 - Starting...
2025-08-05T10:03:09.041+05:30  INFO 17508 --- [deutsche-springboot-demo] [restartedMain] [                                                 ] com.zaxxer.hikari.pool.HikariPool        : HikariPool-1 - Added connection com.mysql.cj.jdbc.ConnectionImpl@9155570e
2025-08-05T10:03:09.046+05:30  INFO 17508 --- [deutsche-springboot-demo] [restartedMain] [                                                 ] com.zaxxer.hikari.HikariDataSource       : HikariPool-1 - Start completed.
2025-08-05T10:03:09.254+05:30  INFO 17508 --- [deutsche-springboot-demo] [restartedMain] [                                                 ] org.hibernate.orm.connections.pooling    : HHH10001005: Database info:
	Database JDBC URL [Connecting through datasource 'HikariDataSource (HikariPool-1)']
	Database driver: undefined/unknown
	Database version: 8.0.30
	Autocommit mode: undefined/unknown
	Isolation level: undefined/unknown
	Minimum pool size: undefined/unknown
	Maximum pool size: undefined/unknown
2025-08-05T10:03:10.422+05:30  INFO 17508 --- [deutsche-springboot-demo] [restartedMain] [                                                 ] o.h.e.t.j.p.i.JtaPlatformInitiator       : HHH000489: No JTA platform available (set 'hibernate.transaction.jta.platform' to enable JTA platform integration)
2025-08-05T10:03:10.550+05:30  INFO 17508 --- [deutsche-springboot-demo] [restartedMain] [                                                 ] j.LocalContainerEntityManagerFactoryBean : Initialized JPA EntityManagerFactory for persistence unit 'default'
2025-08-05T10:03:11.192+05:30  WARN 17508 --- [deutsche-springboot-demo] [restartedMain] [                                                 ] JpaBaseConfiguration$JpaWebConfiguration : spring.jpa.open-in-view is enabled by default. Therefore, database queries may be performed during view rendering. Explicitly configure spring.jpa.open-in-view to disable this warning
2025-08-05T10:03:11.436+05:30  INFO 17508 --- [deutsche-springboot-demo] [restartedMain] [                                                 ] r$InitializeUserDetailsManagerConfigurer : Global AuthenticationManager configured with UserDetailsService bean with name userDetailsService
2025-08-05T10:03:12.830+05:30  INFO 17508 --- [deutsche-springboot-demo] [restartedMain] [                                                 ] o.s.b.a.e.web.EndpointLinksResolver      : Exposing 14 endpoints beneath base path '/actuator'
2025-08-05T10:03:12.963+05:30  INFO 17508 --- [deutsche-springboot-demo] [restartedMain] [                                                 ] o.s.b.d.a.OptionalLiveReloadServer       : LiveReload server is running on port 35729
2025-08-05T10:03:13.111+05:30  INFO 17508 --- [deutsche-springboot-demo] [restartedMain] [                                                 ] o.s.b.w.embedded.tomcat.TomcatWebServer  : Tomcat started on port 8090 (http) with context path '/api/v1'
2025-08-05T10:03:13.153+05:30  INFO 17508 --- [deutsche-springboot-demo] [restartedMain] [                                                 ] com.deutsche.demo.App                    : Started App in 10.732 seconds (process running for 18.301)
2025-08-05T10:03:13.206+05:30  INFO 17508 --- [deutsche-springboot-demo] [restartedMain] [                                                 ] com.deutsche.demo.App                    : Started
2025-08-05T10:15:51.260+05:30  INFO 17508 --- [deutsche-springboot-demo] [http-nio-8090-exec-1] [                                                 ] o.a.c.c.C.[.[localhost].[/api/v1]        : Initializing Spring DispatcherServlet 'dispatcherServlet'
2025-08-05T10:15:51.266+05:30  INFO 17508 --- [deutsche-springboot-demo] [http-nio-8090-exec-1] [                                                 ] o.s.web.servlet.DispatcherServlet        : Initializing Servlet 'dispatcherServlet'
2025-08-05T10:15:51.273+05:30  INFO 17508 --- [deutsche-springboot-demo] [http-nio-8090-exec-1] [                                                 ] o.s.web.servlet.DispatcherServlet        : Completed initialization in 6 ms
2025-08-05T10:15:51.726+05:30  WARN 17508 --- [deutsche-springboot-demo] [http-nio-8090-exec-1] [68918c7f50ace7c434051e247f698382-ca589f248fce2377] o.a.c.util.SessionIdGeneratorBase        : Creation of SecureRandom instance for session ID generation using [SHA1PRNG] took [106] milliseconds.
2025-08-05T10:15:52.778+05:30  WARN 17508 --- [deutsche-springboot-demo] [AsyncReporter{ZipkinHttpClientSender{http://localhost:9411/api/v2/spans}}] [                                                 ] z.r.i.AsyncReporter$BoundedAsyncReporter : Spans were dropped due to exceptions. All subsequent errors will be logged at FINE level.
2025-08-05T10:15:52.779+05:30  WARN 17508 --- [deutsche-springboot-demo] [AsyncReporter{ZipkinHttpClientSender{http://localhost:9411/api/v2/spans}}] [                                                 ] z.r.i.AsyncReporter$BoundedAsyncReporter : Dropped 7 spans due to ConnectException()

java.net.ConnectException: null
	at java.net.http/jdk.internal.net.http.HttpClientImpl.send(HttpClientImpl.java:955) ~[java.net.http:na]
	at java.net.http/jdk.internal.net.http.HttpClientFacade.send(HttpClientFacade.java:133) ~[java.net.http:na]
	at org.springframework.boot.actuate.autoconfigure.tracing.zipkin.ZipkinHttpClientSender.postSpans(ZipkinHttpClientSender.java:60) ~[spring-boot-actuator-autoconfigure-3.5.4.jar:3.5.4]
	at org.springframework.boot.actuate.autoconfigure.tracing.zipkin.HttpSender.postSpans(HttpSender.java:69) ~[spring-boot-actuator-autoconfigure-3.5.4.jar:3.5.4]
	at org.springframework.boot.actuate.autoconfigure.tracing.zipkin.HttpSender.postSpans(HttpSender.java:41) ~[spring-boot-actuator-autoconfigure-3.5.4.jar:3.5.4]
	at zipkin2.reporter.BaseHttpSender.send(BaseHttpSender.java:123) ~[zipkin-reporter-3.5.1.jar:na]
	at zipkin2.reporter.internal.AsyncReporter$BoundedAsyncReporter.flush(AsyncReporter.java:266) ~[zipkin-reporter-3.5.1.jar:na]
	at zipkin2.reporter.internal.AsyncReporter$Flusher.run(AsyncReporter.java:352) ~[zipkin-reporter-3.5.1.jar:na]
	at java.base/java.lang.Thread.run(Thread.java:1595) ~[na:na]
Caused by: java.net.ConnectException: null
	at java.net.http/jdk.internal.net.http.common.Utils.toConnectException(Utils.java:1041) ~[java.net.http:na]
	at java.net.http/jdk.internal.net.http.PlainHttpConnection.connectAsync(PlainHttpConnection.java:227) ~[java.net.http:na]
	at java.net.http/jdk.internal.net.http.PlainHttpConnection.checkRetryConnect(PlainHttpConnection.java:280) ~[java.net.http:na]
	at java.net.http/jdk.internal.net.http.PlainHttpConnection.lambda$connectAsync$2(PlainHttpConnection.java:238) ~[java.net.http:na]
	at java.base/java.util.concurrent.CompletableFuture.uniHandle(CompletableFuture.java:934) ~[na:na]
	at java.base/java.util.concurrent.CompletableFuture$UniHandle.tryFire(CompletableFuture.java:911) ~[na:na]
	at java.base/java.util.concurrent.CompletableFuture.postComplete(CompletableFuture.java:510) ~[na:na]
	at java.base/java.util.concurrent.CompletableFuture$AsyncSupply.run(CompletableFuture.java:1773) ~[na:na]
	at java.base/java.util.concurrent.ThreadPoolExecutor.runWorker(ThreadPoolExecutor.java:1144) ~[na:na]
	at java.base/java.util.concurrent.ThreadPoolExecutor$Worker.run(ThreadPoolExecutor.java:642) ~[na:na]
	... 1 common frames omitted
Caused by: java.nio.channels.ClosedChannelException: null
	at java.base/sun.nio.ch.SocketChannelImpl.ensureOpen(SocketChannelImpl.java:202) ~[na:na]
	at java.base/sun.nio.ch.SocketChannelImpl.beginConnect(SocketChannelImpl.java:786) ~[na:na]
	at java.base/sun.nio.ch.SocketChannelImpl.connect(SocketChannelImpl.java:874) ~[na:na]
	at java.net.http/jdk.internal.net.http.PlainHttpConnection.lambda$connectAsync$1(PlainHttpConnection.java:210) ~[java.net.http:na]
	at java.base/java.security.AccessController.doPrivileged(AccessController.java:751) ~[na:na]
	at java.net.http/jdk.internal.net.http.PlainHttpConnection.connectAsync(PlainHttpConnection.java:212) ~[java.net.http:na]
	... 9 common frames omitted

2025-08-05T10:16:00.094+05:30  INFO 17508 --- [deutsche-springboot-demo] [http-nio-8090-exec-2] [68918c876340ade94bd8a755aa08ecb0-7a1f9367fd460711] c.deutsche.demo.service.EmployeeService  : get all employees
2025-08-05T10:16:08.302+05:30  INFO 17508 --- [deutsche-springboot-demo] [http-nio-8090-exec-6] [68918c908ed85476aee88d26ac49157d-a31d3355d44ad0f3] c.deutsche.demo.service.EmployeeService  : get all employees
2025-08-05T10:16:08.455+05:30  INFO 17508 --- [deutsche-springboot-demo] [http-nio-8090-exec-7] [68918c90b7442be5c61f54b5735a3e7a-0ba8451f95cb6145] c.deutsche.demo.service.EmployeeService  : get all employees
2025-08-05T10:16:11.489+05:30  INFO 17508 --- [deutsche-springboot-demo] [http-nio-8090-exec-10] [68918c938981ae857c6e97130bab6462-176c5006ee2b1173] c.d.demo.controller.EmployeeController   : Employee id: 101
2025-08-05T10:16:11.496+05:30  INFO 17508 --- [deutsche-springboot-demo] [http-nio-8090-exec-10] [68918c938981ae857c6e97130bab6462-176c5006ee2b1173] c.deutsche.demo.service.EmployeeService  : Employee with the id 101
2025-08-05T10:16:11.705+05:30  INFO 17508 --- [deutsche-springboot-demo] [http-nio-8090-exec-1] [68918c93d6da7af757c96a5a84ace0ec-96710edf228d4f29] c.d.demo.controller.EmployeeController   : Employee id: 101
2025-08-05T10:16:11.707+05:30  INFO 17508 --- [deutsche-springboot-demo] [http-nio-8090-exec-1] [68918c93d6da7af757c96a5a84ace0ec-96710edf228d4f29] c.deutsche.demo.service.EmployeeService  : Employee with the id 101
2025-08-05T10:16:12.975+05:30  INFO 17508 --- [deutsche-springboot-demo] [http-nio-8090-exec-2] [68918c94de68403c61ff6fa85c9d6943-011138e3f6a15e29] c.deutsche.demo.service.EmployeeService  : get all employees
2025-08-05T10:16:13.129+05:30  INFO 17508 --- [deutsche-springboot-demo] [http-nio-8090-exec-3] [68918c94a9f90894289f47bd8ce28849-f94c5d8d35a16847] c.deutsche.demo.service.EmployeeService  : get all employees
2025-08-05T10:16:14.248+05:30  INFO 17508 --- [deutsche-springboot-demo] [http-nio-8090-exec-6] [68918c9698ba5e8d2ecc4138f2492af3-1729824a62905f37] c.d.demo.controller.EmployeeController   : Employee id: 106
2025-08-05T10:16:14.249+05:30  INFO 17508 --- [deutsche-springboot-demo] [http-nio-8090-exec-6] [68918c9698ba5e8d2ecc4138f2492af3-1729824a62905f37] c.deutsche.demo.service.EmployeeService  : Employee with the id 106
2025-08-05T10:16:14.397+05:30  INFO 17508 --- [deutsche-springboot-demo] [http-nio-8090-exec-7] [68918c965ff61c31fbb7e505b82cbf82-5a8b8f8612ce91b9] c.d.demo.controller.EmployeeController   : Employee id: 106
2025-08-05T10:16:14.398+05:30  INFO 17508 --- [deutsche-springboot-demo] [http-nio-8090-exec-7] [68918c965ff61c31fbb7e505b82cbf82-5a8b8f8612ce91b9] c.deutsche.demo.service.EmployeeService  : Employee with the id 106
2025-08-05T10:16:15.820+05:30  INFO 17508 --- [deutsche-springboot-demo] [http-nio-8090-exec-10] [68918c97c1f48b9632c284eb81f79082-a17702105cd6209f] c.deutsche.demo.service.EmployeeService  : get all employees
2025-08-05T10:16:15.955+05:30  INFO 17508 --- [deutsche-springboot-demo] [http-nio-8090-exec-1] [68918c97fc7afccb81aebda9d3071227-c3ce0b59fc5141e5] c.deutsche.demo.service.EmployeeService  : get all employees
2025-08-05T10:16:23.339+05:30  INFO 17508 --- [deutsche-springboot-demo] [http-nio-8090-exec-5] [68918c9ff1580ddf508c3107cd29da4b-d357eaee31b94aff] c.d.demo.controller.EmployeeController   : Employee id: 107
2025-08-05T10:16:23.339+05:30  INFO 17508 --- [deutsche-springboot-demo] [http-nio-8090-exec-5] [68918c9ff1580ddf508c3107cd29da4b-d357eaee31b94aff] c.deutsche.demo.service.EmployeeService  : Employee with the id 107
2025-08-05T10:16:23.485+05:30  INFO 17508 --- [deutsche-springboot-demo] [http-nio-8090-exec-4] [68918c9fd01e6ebb4917969444327597-a59e20f80d06e773] c.d.demo.controller.EmployeeController   : Employee id: 107
2025-08-05T10:16:23.485+05:30  INFO 17508 --- [deutsche-springboot-demo] [http-nio-8090-exec-4] [68918c9fd01e6ebb4917969444327597-a59e20f80d06e773] c.deutsche.demo.service.EmployeeService  : Employee with the id 107
2025-08-05T10:16:24.851+05:30  INFO 17508 --- [deutsche-springboot-demo] [http-nio-8090-exec-8] [68918ca0854992dd2cd3b81c4cb89735-98f2fca89ce2f26a] c.deutsche.demo.service.EmployeeService  : get all employees
2025-08-05T10:16:25.005+05:30  INFO 17508 --- [deutsche-springboot-demo] [http-nio-8090-exec-9] [68918ca0021b0df6c776f6642314a455-539b76d1f6b5402d] c.deutsche.demo.service.EmployeeService  : get all employees
2025-08-05T10:17:39.042+05:30  INFO 17508 --- [deutsche-springboot-demo] [http-nio-8090-exec-5] [68918ceaa8ceaaa805e9ec91ff88b065-3dcd7987d53151ba] c.deutsche.demo.service.EmployeeService  : get all employees
2025-08-05T10:18:04.674+05:30  INFO 17508 --- [deutsche-springboot-demo] [http-nio-8090-exec-6] [68918d0488639bfed2d89dc6fb4d09c1-4e1004b72f8154de] c.deutsche.demo.service.EmployeeService  : get all employees
2025-08-05T10:18:28.263+05:30  INFO 17508 --- [deutsche-springboot-demo] [http-nio-8090-exec-7] [68918d1c3c6334000c3a58a60e49caa5-7c9055086ed18eb0] c.deutsche.demo.service.EmployeeService  : get all employees
2025-08-05T10:20:09.256+05:30  INFO 17508 --- [deutsche-springboot-demo] [http-nio-8090-exec-2] [68918d81f40a8a079315b89b23169ff4-25384292af52882f] c.deutsche.demo.service.EmployeeService  : get all employees
2025-08-05T10:20:09.394+05:30  INFO 17508 --- [deutsche-springboot-demo] [http-nio-8090-exec-3] [68918d81f3810ac2582a2ccd883faa70-a75d830a5515bec8] c.deutsche.demo.service.EmployeeService  : get all employees
2025-08-05T10:20:13.942+05:30  INFO 17508 --- [deutsche-springboot-demo] [http-nio-8090-exec-6] [68918d85b6c7c415074ef46b0f5d2a0d-6567f049f2bd2e7d] c.d.demo.controller.EmployeeController   : Employee id: 101
2025-08-05T10:20:13.943+05:30  INFO 17508 --- [deutsche-springboot-demo] [http-nio-8090-exec-6] [68918d85b6c7c415074ef46b0f5d2a0d-6567f049f2bd2e7d] c.deutsche.demo.service.EmployeeService  : Employee with the id 101
2025-08-05T10:20:14.108+05:30  INFO 17508 --- [deutsche-springboot-demo] [http-nio-8090-exec-7] [68918d8513ebb44480b79b478303f0e6-1d354bbb2c0f33ee] c.d.demo.controller.EmployeeController   : Employee id: 101
2025-08-05T10:20:14.108+05:30  INFO 17508 --- [deutsche-springboot-demo] [http-nio-8090-exec-7] [68918d8513ebb44480b79b478303f0e6-1d354bbb2c0f33ee] c.deutsche.demo.service.EmployeeService  : Employee with the id 101
2025-08-05T10:22:41.087+05:30  INFO 17508 --- [deutsche-springboot-demo] [http-nio-8090-exec-10] [68918e18a7cd8e6fdbcc968b08e05e7e-801b7a7b18b99423] c.deutsche.demo.service.EmployeeService  : get all employees
2025-08-05T10:22:55.513+05:30  INFO 17508 --- [deutsche-springboot-demo] [http-nio-8090-exec-3] [68918e27e5b18c92bd04c55d2b3456eb-6000c28b915e4db3] c.deutsche.demo.service.EmployeeService  : get all employees
2025-08-05T10:22:55.660+05:30  INFO 17508 --- [deutsche-springboot-demo] [http-nio-8090-exec-5] [68918e2706e5d625e003b560fb977712-5a9a59bb90e6daab] c.deutsche.demo.service.EmployeeService  : get all employees
2025-08-05T10:23:04.093+05:30  INFO 17508 --- [deutsche-springboot-demo] [http-nio-8090-exec-9] [68918e2f157b55dc9d914c0c819db5d5-70c0a9fb8945cc75] c.d.demo.controller.EmployeeController   : Employee id: 104
2025-08-05T10:23:04.093+05:30  INFO 17508 --- [deutsche-springboot-demo] [http-nio-8090-exec-9] [68918e2f157b55dc9d914c0c819db5d5-70c0a9fb8945cc75] c.deutsche.demo.service.EmployeeService  : Employee with the id 104
2025-08-05T10:23:04.222+05:30  INFO 17508 --- [deutsche-springboot-demo] [http-nio-8090-exec-10] [68918e300a8a24ca487a3d51758a14b0-4fe898e2afcb11cc] c.d.demo.controller.EmployeeController   : Employee id: 104
2025-08-05T10:23:04.223+05:30  INFO 17508 --- [deutsche-springboot-demo] [http-nio-8090-exec-10] [68918e300a8a24ca487a3d51758a14b0-4fe898e2afcb11cc] c.deutsche.demo.service.EmployeeService  : Employee with the id 104
2025-08-05T10:23:05.624+05:30  INFO 17508 --- [deutsche-springboot-demo] [http-nio-8090-exec-3] [68918e316fc8046cdbbfda02e9d3aa4b-0e2094d1aa906213] c.deutsche.demo.service.EmployeeService  : get all employees
2025-08-05T10:23:05.771+05:30  INFO 17508 --- [deutsche-springboot-demo] [http-nio-8090-exec-5] [68918e313ea8204f881996002f141a13-389093c8e931c3a7] c.deutsche.demo.service.EmployeeService  : get all employees
2025-08-05T10:23:50.763+05:30  INFO 17508 --- [deutsche-springboot-demo] [http-nio-8090-exec-8] [68918e5e6cbacf5a55ff55fcd14d36ac-04b9d744a8b45679] c.deutsche.demo.service.EmployeeService  : get all employees
2025-08-05T10:23:50.898+05:30  INFO 17508 --- [deutsche-springboot-demo] [http-nio-8090-exec-9] [68918e5e5d1298a75614c32a5e5b4336-85e9a471fec184a6] c.deutsche.demo.service.EmployeeService  : get all employees
2025-08-05T10:23:53.339+05:30  INFO 17508 --- [deutsche-springboot-demo] [http-nio-8090-exec-10] [68918e618406f53826b7da04f7e3eb02-f56fc03d7a0e50b7] c.deutsche.demo.service.EmployeeService  : get all employees
2025-08-05T10:23:53.474+05:30  INFO 17508 --- [deutsche-springboot-demo] [http-nio-8090-exec-1] [68918e61fbf0c4dfd642315b570c9848-34da71093412b6e5] c.deutsche.demo.service.EmployeeService  : get all employees
2025-08-05T10:24:12.054+05:30  INFO 17508 --- [deutsche-springboot-demo] [http-nio-8090-exec-7] [68918e739af5c650e8e94b768d6e50cf-cc01c105697029d7] c.deutsche.demo.service.EmployeeService  : get all employees
2025-08-05T10:24:12.184+05:30  INFO 17508 --- [deutsche-springboot-demo] [http-nio-8090-exec-6] [68918e74ac4bb4c3a7ca257611db0acf-b7798394fc030444] c.deutsche.demo.service.EmployeeService  : get all employees
2025-08-05T10:25:32.830+05:30  INFO 17508 --- [deutsche-springboot-demo] [http-nio-8090-exec-2] [68918ec40158acb91337f0c526b455ea-3011b07d96d982bf] c.deutsche.demo.service.EmployeeService  : get all employees
2025-08-05T10:25:32.996+05:30  INFO 17508 --- [deutsche-springboot-demo] [http-nio-8090-exec-3] [68918ec441ebf893ded1f419f8baf4f0-72a2b3649577f1f8] c.deutsche.demo.service.EmployeeService  : get all employees
2025-08-05T10:37:33.694+05:30  INFO 17508 --- [deutsche-springboot-demo] [http-nio-8090-exec-7] [68919195f0046c3d2bbff8a563a82a21-9704878fa4e31ff8] c.deutsche.demo.service.EmployeeService  : get all employees
2025-08-05T10:37:48.852+05:30  INFO 17508 --- [deutsche-springboot-demo] [http-nio-8090-exec-9] [689191a4eaa6e4e5c85b25affd19d53b-28e72dd356fa6889] c.deutsche.demo.service.EmployeeService  : get all employees
2025-08-05T10:37:48.990+05:30  INFO 17508 --- [deutsche-springboot-demo] [http-nio-8090-exec-10] [689191a4b0d0cd118f635cf445996e2a-fc9b06d1b55f8558] c.deutsche.demo.service.EmployeeService  : get all employees
2025-08-05T10:39:08.204+05:30  INFO 17508 --- [deutsche-springboot-demo] [http-nio-8090-exec-7] [689191f466f83980ac5dcc67531b7ff7-06bad46238c4a81d] c.deutsche.demo.service.EmployeeService  : get all employees
2025-08-05T10:39:08.367+05:30  INFO 17508 --- [deutsche-springboot-demo] [http-nio-8090-exec-6] [689191f422b517fcffc6290ff7736dd1-6cf531536b984aad] c.deutsche.demo.service.EmployeeService  : get all employees
2025-08-05T10:39:12.476+05:30  INFO 17508 --- [deutsche-springboot-demo] [http-nio-8090-exec-8] [689191f86d48fbea7a4e69917dd7fed4-30a80f22709cea31] c.deutsche.demo.service.EmployeeService  : get all employees
2025-08-05T10:39:12.608+05:30  INFO 17508 --- [deutsche-springboot-demo] [http-nio-8090-exec-9] [689191f8ebcd6b18d2231998d4cb62e6-ebb78a9bfe3b38f4] c.deutsche.demo.service.EmployeeService  : get all employees
2025-08-05T10:39:27.415+05:30  INFO 17508 --- [deutsche-springboot-demo] [http-nio-8090-exec-3] [68919207856e121e82144cdfe9e2f43e-165551d8c2fab071] c.deutsche.demo.service.EmployeeService  : get all employees
2025-08-05T10:39:27.540+05:30  INFO 17508 --- [deutsche-springboot-demo] [http-nio-8090-exec-2] [689192072bfd17fefbc58ff5254d1dab-22ee4c2c9a769abf] c.deutsche.demo.service.EmployeeService  : get all employees
2025-08-05T10:40:24.712+05:30  INFO 17508 --- [deutsche-springboot-demo] [http-nio-8090-exec-7] [689192406c9d7244468b5ce390de6e04-87d97fbde70ed93a] c.deutsche.demo.service.EmployeeService  : get all employees
2025-08-05T10:40:24.841+05:30  INFO 17508 --- [deutsche-springboot-demo] [http-nio-8090-exec-6] [6891924022239dbc2d9f321b6f94489c-71d58ad184b584d7] c.deutsche.demo.service.EmployeeService  : get all employees
2025-08-05T11:11:59.190+05:30  WARN 17508 --- [deutsche-springboot-demo] [HikariPool-1:housekeeper] [                                                 ] com.zaxxer.hikari.pool.HikariPool        : HikariPool-1 - Thread starvation or clock leap detected (housekeeper delta=20m49s283ms72µs800ns).
2025-08-05T11:37:27.476+05:30  INFO 17508 --- [deutsche-springboot-demo] [SpringApplicationShutdownHook] [                                                 ] o.s.b.w.e.tomcat.GracefulShutdown        : Commencing graceful shutdown. Waiting for active requests to complete
2025-08-05T11:37:27.542+05:30  INFO 17508 --- [deutsche-springboot-demo] [tomcat-shutdown] [                                                 ] o.s.b.w.e.tomcat.GracefulShutdown        : Graceful shutdown complete
2025-08-05T11:37:27.641+05:30  INFO 17508 --- [deutsche-springboot-demo] [SpringApplicationShutdownHook] [                                                 ] j.LocalContainerEntityManagerFactoryBean : Closing JPA EntityManagerFactory for persistence unit 'default'
2025-08-05T11:37:27.703+05:30  INFO 17508 --- [deutsche-springboot-demo] [SpringApplicationShutdownHook] [                                                 ] com.zaxxer.hikari.HikariDataSource       : HikariPool-1 - Shutdown initiated...
2025-08-05T11:37:27.728+05:30  INFO 17508 --- [deutsche-springboot-demo] [SpringApplicationShutdownHook] [                                                 ] com.zaxxer.hikari.HikariDataSource       : HikariPool-1 - Shutdown completed.
